<?xml version="1.0" encoding="UTF-8"?>
<!-- Generated by org.testng.reporters.JUnitXMLReporter -->
<testsuite ignored="1" hostname="LAPTOP-M2DVE1SL" failures="0" tests="2" name="Test" time="0.065" errors="0" timestamp="2024-02-26T16:45:34 IST">
  <testcase classname="Axis.TestNG.EnableFalse" name="testcase1" time="0.009"/>
  <testcase classname="Axis.TestNG.EnableFalse" name="testcase2" time="0.001"/>
  <testcase classname="Axis.TestNG.EnableFalse" name="testcase3" time="0.0">
    <ignored/>
  </testcase> <!-- testcase3 -->
</testsuite> <!-- Test -->
