<?xml version="1.0" encoding="UTF-8"?>
<testng-results ignored="0" total="1" passed="1" failed="0" skipped="0">
  <reporter-output>
  </reporter-output>
  <suite started-at="2024-02-27T11:32:20 IST" name="Default suite" finished-at="2024-02-27T11:32:42 IST" duration-ms="21754">
    <groups>
    </groups>
    <test started-at="2024-02-27T11:32:20 IST" name="Default test" finished-at="2024-02-27T11:32:42 IST" duration-ms="21754">
      <class name="Axis.TestNG.InvokeEdge">
        <test-method signature="test()[pri:0, instance:Axis.TestNG.InvokeEdge@957e06]" started-at="2024-02-27T11:32:20 IST" name="test" finished-at="2024-02-27T11:32:42 IST" duration-ms="21687" status="PASS">
          <reporter-output>
          </reporter-output>
        </test-method> <!-- test -->
      </class> <!-- Axis.TestNG.InvokeEdge -->
    </test> <!-- Default test -->
  </suite> <!-- Default suite -->
</testng-results>
